<?xml version="1.0" encoding="UTF-8"?>
<testsuite xmlns:xsi="http://www.w3.org/2001/XMLSchema-instance" xsi:noNamespaceSchemaLocation="https://maven.apache.org/surefire/maven-surefire-plugin/xsd/surefire-test-report.xsd" name="com.vytrack.runners.CukesRunner" time="96.184" tests="3" errors="1" skipped="0" failures="2">
  <properties>
    <property name="java.specification.version" value="13"/>
    <property name="sun.jnu.encoding" value="UTF-8"/>
    <property name="java.class.path" value="/Users/merve/IdeaProjects/EU3CucumberSelenium/target/test-classes:/Users/merve/IdeaProjects/EU3CucumberSelenium/target/classes:/Users/merve/.m2/repository/org/seleniumhq/selenium/selenium-java/3.141.59/selenium-java-3.141.59.jar:/Users/merve/.m2/repository/org/seleniumhq/selenium/selenium-api/3.141.59/selenium-api-3.141.59.jar:/Users/merve/.m2/repository/org/seleniumhq/selenium/selenium-chrome-driver/3.141.59/selenium-chrome-driver-3.141.59.jar:/Users/merve/.m2/repository/org/seleniumhq/selenium/selenium-edge-driver/3.141.59/selenium-edge-driver-3.141.59.jar:/Users/merve/.m2/repository/org/seleniumhq/selenium/selenium-firefox-driver/3.141.59/selenium-firefox-driver-3.141.59.jar:/Users/merve/.m2/repository/org/seleniumhq/selenium/selenium-ie-driver/3.141.59/selenium-ie-driver-3.141.59.jar:/Users/merve/.m2/repository/org/seleniumhq/selenium/selenium-opera-driver/3.141.59/selenium-opera-driver-3.141.59.jar:/Users/merve/.m2/repository/org/seleniumhq/selenium/selenium-remote-driver/3.141.59/selenium-remote-driver-3.141.59.jar:/Users/merve/.m2/repository/org/seleniumhq/selenium/selenium-safari-driver/3.141.59/selenium-safari-driver-3.141.59.jar:/Users/merve/.m2/repository/org/seleniumhq/selenium/selenium-support/3.141.59/selenium-support-3.141.59.jar:/Users/merve/.m2/repository/net/bytebuddy/byte-buddy/1.8.15/byte-buddy-1.8.15.jar:/Users/merve/.m2/repository/org/apache/commons/commons-exec/1.3/commons-exec-1.3.jar:/Users/merve/.m2/repository/com/google/guava/guava/25.0-jre/guava-25.0-jre.jar:/Users/merve/.m2/repository/com/google/code/findbugs/jsr305/1.3.9/jsr305-1.3.9.jar:/Users/merve/.m2/repository/org/checkerframework/checker-compat-qual/2.0.0/checker-compat-qual-2.0.0.jar:/Users/merve/.m2/repository/com/google/errorprone/error_prone_annotations/2.1.3/error_prone_annotations-2.1.3.jar:/Users/merve/.m2/repository/com/google/j2objc/j2objc-annotations/1.1/j2objc-annotations-1.1.jar:/Users/merve/.m2/repository/org/codehaus/mojo/animal-sniffer-annotations/1.14/animal-sniffer-annotations-1.14.jar:/Users/merve/.m2/repository/com/squareup/okhttp3/okhttp/3.11.0/okhttp-3.11.0.jar:/Users/merve/.m2/repository/com/squareup/okio/okio/1.14.0/okio-1.14.0.jar:/Users/merve/.m2/repository/io/github/bonigarcia/webdrivermanager/4.1.0/webdrivermanager-4.1.0.jar:/Users/merve/.m2/repository/org/slf4j/slf4j-api/1.7.30/slf4j-api-1.7.30.jar:/Users/merve/.m2/repository/commons-io/commons-io/2.7/commons-io-2.7.jar:/Users/merve/.m2/repository/com/google/code/gson/gson/2.8.6/gson-2.8.6.jar:/Users/merve/.m2/repository/org/apache/commons/commons-lang3/3.10/commons-lang3-3.10.jar:/Users/merve/.m2/repository/org/apache/httpcomponents/client5/httpclient5/5.0.1/httpclient5-5.0.1.jar:/Users/merve/.m2/repository/org/apache/httpcomponents/core5/httpcore5/5.0.1/httpcore5-5.0.1.jar:/Users/merve/.m2/repository/org/apache/httpcomponents/core5/httpcore5-h2/5.0.1/httpcore5-h2-5.0.1.jar:/Users/merve/.m2/repository/commons-codec/commons-codec/1.13/commons-codec-1.13.jar:/Users/merve/.m2/repository/org/rauschig/jarchivelib/1.0.0/jarchivelib-1.0.0.jar:/Users/merve/.m2/repository/org/apache/commons/commons-compress/1.18/commons-compress-1.18.jar:/Users/merve/.m2/repository/org/jsoup/jsoup/1.13.1/jsoup-1.13.1.jar:/Users/merve/.m2/repository/io/cucumber/cucumber-java/5.7.0/cucumber-java-5.7.0.jar:/Users/merve/.m2/repository/io/cucumber/cucumber-core/5.7.0/cucumber-core-5.7.0.jar:/Users/merve/.m2/repository/io/cucumber/cucumber-gherkin/5.7.0/cucumber-gherkin-5.7.0.jar:/Users/merve/.m2/repository/io/cucumber/cucumber-gherkin-vintage/5.7.0/cucumber-gherkin-vintage-5.7.0.jar:/Users/merve/.m2/repository/io/cucumber/tag-expressions/2.0.4/tag-expressions-2.0.4.jar:/Users/merve/.m2/repository/io/cucumber/cucumber-expressions/8.3.1/cucumber-expressions-8.3.1.jar:/Users/merve/.m2/repository/io/cucumber/datatable/3.3.1/datatable-3.3.1.jar:/Users/merve/.m2/repository/io/cucumber/cucumber-plugin/5.7.0/cucumber-plugin-5.7.0.jar:/Users/merve/.m2/repository/io/cucumber/docstring/5.7.0/docstring-5.7.0.jar:/Users/merve/.m2/repository/org/apiguardian/apiguardian-api/1.1.0/apiguardian-api-1.1.0.jar:/Users/merve/.m2/repository/io/cucumber/cucumber-junit/5.7.0/cucumber-junit-5.7.0.jar:/Users/merve/.m2/repository/junit/junit/4.13/junit-4.13.jar:/Users/merve/.m2/repository/org/hamcrest/hamcrest-core/1.3/hamcrest-core-1.3.jar:"/>
    <property name="java.vm.vendor" value="Oracle Corporation"/>
    <property name="sun.arch.data.model" value="64"/>
    <property name="java.vendor.url" value="https://java.oracle.com/"/>
    <property name="os.name" value="Mac OS X"/>
    <property name="java.vm.specification.version" value="13"/>
    <property name="sun.java.launcher" value="SUN_STANDARD"/>
    <property name="user.country" value="TR"/>
    <property name="sun.boot.library.path" value="/Library/Java/JavaVirtualMachines/jdk-13.0.2.jdk/Contents/Home/lib"/>
    <property name="sun.java.command" value="/Users/merve/IdeaProjects/EU3CucumberSelenium/target/surefire/surefirebooter13745580092683956557.jar /Users/merve/IdeaProjects/EU3CucumberSelenium/target/surefire 2020-10-27T17-09-15_597-jvmRun1 surefire16099494405330913787tmp surefire_09532846130191371426tmp"/>
    <property name="http.nonProxyHosts" value="local|*.local|169.254/16|*.169.254/16"/>
    <property name="jdk.debug" value="release"/>
    <property name="surefire.test.class.path" value="/Users/merve/IdeaProjects/EU3CucumberSelenium/target/test-classes:/Users/merve/IdeaProjects/EU3CucumberSelenium/target/classes:/Users/merve/.m2/repository/org/seleniumhq/selenium/selenium-java/3.141.59/selenium-java-3.141.59.jar:/Users/merve/.m2/repository/org/seleniumhq/selenium/selenium-api/3.141.59/selenium-api-3.141.59.jar:/Users/merve/.m2/repository/org/seleniumhq/selenium/selenium-chrome-driver/3.141.59/selenium-chrome-driver-3.141.59.jar:/Users/merve/.m2/repository/org/seleniumhq/selenium/selenium-edge-driver/3.141.59/selenium-edge-driver-3.141.59.jar:/Users/merve/.m2/repository/org/seleniumhq/selenium/selenium-firefox-driver/3.141.59/selenium-firefox-driver-3.141.59.jar:/Users/merve/.m2/repository/org/seleniumhq/selenium/selenium-ie-driver/3.141.59/selenium-ie-driver-3.141.59.jar:/Users/merve/.m2/repository/org/seleniumhq/selenium/selenium-opera-driver/3.141.59/selenium-opera-driver-3.141.59.jar:/Users/merve/.m2/repository/org/seleniumhq/selenium/selenium-remote-driver/3.141.59/selenium-remote-driver-3.141.59.jar:/Users/merve/.m2/repository/org/seleniumhq/selenium/selenium-safari-driver/3.141.59/selenium-safari-driver-3.141.59.jar:/Users/merve/.m2/repository/org/seleniumhq/selenium/selenium-support/3.141.59/selenium-support-3.141.59.jar:/Users/merve/.m2/repository/net/bytebuddy/byte-buddy/1.8.15/byte-buddy-1.8.15.jar:/Users/merve/.m2/repository/org/apache/commons/commons-exec/1.3/commons-exec-1.3.jar:/Users/merve/.m2/repository/com/google/guava/guava/25.0-jre/guava-25.0-jre.jar:/Users/merve/.m2/repository/com/google/code/findbugs/jsr305/1.3.9/jsr305-1.3.9.jar:/Users/merve/.m2/repository/org/checkerframework/checker-compat-qual/2.0.0/checker-compat-qual-2.0.0.jar:/Users/merve/.m2/repository/com/google/errorprone/error_prone_annotations/2.1.3/error_prone_annotations-2.1.3.jar:/Users/merve/.m2/repository/com/google/j2objc/j2objc-annotations/1.1/j2objc-annotations-1.1.jar:/Users/merve/.m2/repository/org/codehaus/mojo/animal-sniffer-annotations/1.14/animal-sniffer-annotations-1.14.jar:/Users/merve/.m2/repository/com/squareup/okhttp3/okhttp/3.11.0/okhttp-3.11.0.jar:/Users/merve/.m2/repository/com/squareup/okio/okio/1.14.0/okio-1.14.0.jar:/Users/merve/.m2/repository/io/github/bonigarcia/webdrivermanager/4.1.0/webdrivermanager-4.1.0.jar:/Users/merve/.m2/repository/org/slf4j/slf4j-api/1.7.30/slf4j-api-1.7.30.jar:/Users/merve/.m2/repository/commons-io/commons-io/2.7/commons-io-2.7.jar:/Users/merve/.m2/repository/com/google/code/gson/gson/2.8.6/gson-2.8.6.jar:/Users/merve/.m2/repository/org/apache/commons/commons-lang3/3.10/commons-lang3-3.10.jar:/Users/merve/.m2/repository/org/apache/httpcomponents/client5/httpclient5/5.0.1/httpclient5-5.0.1.jar:/Users/merve/.m2/repository/org/apache/httpcomponents/core5/httpcore5/5.0.1/httpcore5-5.0.1.jar:/Users/merve/.m2/repository/org/apache/httpcomponents/core5/httpcore5-h2/5.0.1/httpcore5-h2-5.0.1.jar:/Users/merve/.m2/repository/commons-codec/commons-codec/1.13/commons-codec-1.13.jar:/Users/merve/.m2/repository/org/rauschig/jarchivelib/1.0.0/jarchivelib-1.0.0.jar:/Users/merve/.m2/repository/org/apache/commons/commons-compress/1.18/commons-compress-1.18.jar:/Users/merve/.m2/repository/org/jsoup/jsoup/1.13.1/jsoup-1.13.1.jar:/Users/merve/.m2/repository/io/cucumber/cucumber-java/5.7.0/cucumber-java-5.7.0.jar:/Users/merve/.m2/repository/io/cucumber/cucumber-core/5.7.0/cucumber-core-5.7.0.jar:/Users/merve/.m2/repository/io/cucumber/cucumber-gherkin/5.7.0/cucumber-gherkin-5.7.0.jar:/Users/merve/.m2/repository/io/cucumber/cucumber-gherkin-vintage/5.7.0/cucumber-gherkin-vintage-5.7.0.jar:/Users/merve/.m2/repository/io/cucumber/tag-expressions/2.0.4/tag-expressions-2.0.4.jar:/Users/merve/.m2/repository/io/cucumber/cucumber-expressions/8.3.1/cucumber-expressions-8.3.1.jar:/Users/merve/.m2/repository/io/cucumber/datatable/3.3.1/datatable-3.3.1.jar:/Users/merve/.m2/repository/io/cucumber/cucumber-plugin/5.7.0/cucumber-plugin-5.7.0.jar:/Users/merve/.m2/repository/io/cucumber/docstring/5.7.0/docstring-5.7.0.jar:/Users/merve/.m2/repository/org/apiguardian/apiguardian-api/1.1.0/apiguardian-api-1.1.0.jar:/Users/merve/.m2/repository/io/cucumber/cucumber-junit/5.7.0/cucumber-junit-5.7.0.jar:/Users/merve/.m2/repository/junit/junit/4.13/junit-4.13.jar:/Users/merve/.m2/repository/org/hamcrest/hamcrest-core/1.3/hamcrest-core-1.3.jar:"/>
    <property name="sun.cpu.endian" value="little"/>
    <property name="user.home" value="/Users/merve"/>
    <property name="user.language" value="en"/>
    <property name="java.specification.vendor" value="Oracle Corporation"/>
    <property name="java.version.date" value="2020-01-14"/>
    <property name="java.home" value="/Library/Java/JavaVirtualMachines/jdk-13.0.2.jdk/Contents/Home"/>
    <property name="file.separator" value="/"/>
    <property name="basedir" value="/Users/merve/IdeaProjects/EU3CucumberSelenium"/>
    <property name="java.vm.compressedOopsMode" value="Zero based"/>
    <property name="line.separator" value="&#10;"/>
    <property name="java.specification.name" value="Java Platform API Specification"/>
    <property name="java.vm.specification.vendor" value="Oracle Corporation"/>
    <property name="surefire.real.class.path" value="/Users/merve/IdeaProjects/EU3CucumberSelenium/target/surefire/surefirebooter13745580092683956557.jar"/>
    <property name="sun.management.compiler" value="HotSpot 64-Bit Tiered Compilers"/>
    <property name="ftp.nonProxyHosts" value="local|*.local|169.254/16|*.169.254/16"/>
    <property name="java.runtime.version" value="13.0.2+8"/>
    <property name="user.name" value="merve"/>
    <property name="path.separator" value=":"/>
    <property name="os.version" value="10.15.4"/>
    <property name="java.runtime.name" value="Java(TM) SE Runtime Environment"/>
    <property name="file.encoding" value="UTF-8"/>
    <property name="java.vm.name" value="Java HotSpot(TM) 64-Bit Server VM"/>
    <property name="localRepository" value="/Users/merve/.m2/repository"/>
    <property name="java.vendor.url.bug" value="https://bugreport.java.com/bugreport/"/>
    <property name="java.io.tmpdir" value="/var/folders/8x/dx2lzfm50xj70l9hbty3mhhr0000gn/T/"/>
    <property name="idea.version" value="2020.2"/>
    <property name="java.version" value="13.0.2"/>
    <property name="user.dir" value="/Users/merve/IdeaProjects/EU3CucumberSelenium"/>
    <property name="os.arch" value="x86_64"/>
    <property name="java.vm.specification.name" value="Java Virtual Machine Specification"/>
    <property name="java.library.path" value="/Users/merve/Library/Java/Extensions:/Library/Java/Extensions:/Network/Library/Java/Extensions:/System/Library/Java/Extensions:/usr/lib/java:."/>
    <property name="java.vm.info" value="mixed mode, sharing"/>
    <property name="java.vendor" value="Oracle Corporation"/>
    <property name="java.vm.version" value="13.0.2+8"/>
    <property name="sun.io.unicode.encoding" value="UnicodeBig"/>
    <property name="socksNonProxyHosts" value="local|*.local|169.254/16|*.169.254/16"/>
    <property name="java.class.version" value="57.0"/>
  </properties>
  <testcase name="Driver user" classname="Account types" time="29.556">
    <failure type="java.lang.AssertionError">java.lang.AssertionError
</failure>
    <system-out><![CDATA[	this is coming from BEFORE
expectedTitle = Calendar Events - Activities
]]></system-out>
    <system-err><![CDATA[Oct 27, 2020 5:09:16 PM io.cucumber.junit.Cucumber <init>
WARNING: By default Cucumber is running in --non-strict mode.
This default will change to --strict and --non-strict will be removed.
You can use --strict or @CucumberOptions(strict = true) to suppress this warning
SLF4J: Failed to load class "org.slf4j.impl.StaticLoggerBinder".
SLF4J: Defaulting to no-operation (NOP) logger implementation
SLF4J: See http://www.slf4j.org/codes.html#StaticLoggerBinder for further details.
Starting ChromeDriver 86.0.4240.22 (398b0743353ff36fb1b82468f63a3a93b4e2e89e-refs/branch-heads/4240@{#378}) on port 23921
Only local connections are allowed.
Please see https://chromedriver.chromium.org/security-considerations for suggestions on keeping ChromeDriver safe.
ChromeDriver was started successfully.
Oct 27, 2020 5:09:23 PM org.openqa.selenium.remote.ProtocolHandshake createSession
INFO: Detected dialect: W3C
]]></system-err>
  </testcase>
  <testcase name="Sales manager user" classname="Account types" time="13.081">
    <error message="Keys to send should be a not null CharSequence" type="java.lang.IllegalArgumentException">java.lang.IllegalArgumentException: Keys to send should be a not null CharSequence
</error>
    <system-out><![CDATA[	this is coming from BEFORE
]]></system-out>
    <system-err><![CDATA[Starting ChromeDriver 86.0.4240.22 (398b0743353ff36fb1b82468f63a3a93b4e2e89e-refs/branch-heads/4240@{#378}) on port 25765
Only local connections are allowed.
Please see https://chromedriver.chromium.org/security-considerations for suggestions on keeping ChromeDriver safe.
ChromeDriver was started successfully.
Oct 27, 2020 5:09:50 PM org.openqa.selenium.remote.ProtocolHandshake createSession
INFO: Detected dialect: W3C
]]></system-err>
  </testcase>
  <testcase name="Store manager user" classname="Account types" time="52.678">
    <failure type="java.lang.AssertionError">java.lang.AssertionError
</failure>
    <system-out><![CDATA[	this is coming from BEFORE
expectedTitle = Contacts - Customers
]]></system-out>
    <system-err><![CDATA[Starting ChromeDriver 86.0.4240.22 (398b0743353ff36fb1b82468f63a3a93b4e2e89e-refs/branch-heads/4240@{#378}) on port 3745
Only local connections are allowed.
Please see https://chromedriver.chromium.org/security-considerations for suggestions on keeping ChromeDriver safe.
ChromeDriver was started successfully.
Oct 27, 2020 5:10:02 PM org.openqa.selenium.remote.ProtocolHandshake createSession
INFO: Detected dialect: W3C
]]></system-err>
  </testcase>
</testsuite>